<?xml version="1.0" encoding="UTF-8"?>
<!-- Generated by org.testng.reporters.JUnitXMLReporter -->
<testsuite ignored="2" hostname="DESKTOP-IJKHCE6" failures="0" tests="1" name="Default test" time="18.932" errors="0" timestamp="04 Jul 2023 05:35:26 GMT">
  <testcase classname="com.testscripts.TestTitle" name="testpurchaseTicket" time="11.181"/>
  <testcase classname="com.testscripts.TestTitle" name="testNavigationandLink" time="0.0">
    <ignored/>
  </testcase> <!-- testNavigationandLink -->
  <testcase classname="com.testscripts.TestTitle" name="testTitle" time="0.0">
    <ignored/>
  </testcase> <!-- testTitle -->
</testsuite> <!-- Default test -->
