<?xml version="1.0" encoding="UTF-8"?>
<!-- Generated by org.testng.reporters.JUnitXMLReporter -->
<testsuite ignored="0" hostname="DESKTOP-IJKHCE6" failures="0" tests="3" name="Default test" time="40.821" errors="0" timestamp="03 Jul 2023 11:12:26 GMT">
  <testcase classname="com.testscripts.TestTitle" name="testNavigationandLink" time="4.723"/>
  <testcase classname="com.testscripts.TestTitle" name="testTitle" time="0.046"/>
  <testcase classname="com.testscripts.TestTitle" name="testpurchaseTicket" time="16.784"/>
</testsuite> <!-- Default test -->
