<?xml version="1.0" encoding="UTF-8"?>
<testng-results ignored="2" total="3" passed="1" failed="0" skipped="0">
  <reporter-output>
  </reporter-output>
  <suite started-at="2023-07-04T05:35:07Z" name="Default suite" finished-at="2023-07-04T05:35:26Z" duration-ms="18932">
    <groups>
    </groups>
    <test started-at="2023-07-04T05:35:07Z" name="Default test" finished-at="2023-07-04T05:35:26Z" duration-ms="18932">
      <class name="com.testscripts.TestTitle">
        <test-method is-config="true" signature="launchApp(java.lang.String)[pri:0, instance:com.testscripts.TestTitle@4a9e6faf]" started-at="2023-07-04T05:35:07Z" name="launchApp" finished-at="2023-07-04T05:35:13Z" duration-ms="5941" status="PASS">
          <params>
            <param index="0">
              <value>
                <![CDATA[chrome]]>
              </value>
            </param>
          </params>
          <reporter-output>
          </reporter-output>
        </test-method> <!-- launchApp -->
        <test-method is-config="true" signature="openSite()[pri:0, instance:com.testscripts.TestTitle@4a9e6faf]" started-at="2023-07-04T05:35:13Z" name="openSite" finished-at="2023-07-04T05:35:14Z" duration-ms="1457" status="PASS">
          <reporter-output>
          </reporter-output>
        </test-method> <!-- openSite -->
        <test-method signature="testpurchaseTicket()[pri:0, instance:com.testscripts.TestTitle@4a9e6faf]" started-at="2023-07-04T05:35:14Z" name="testpurchaseTicket" finished-at="2023-07-04T05:35:25Z" duration-ms="11181" status="PASS">
          <reporter-output>
          </reporter-output>
        </test-method> <!-- testpurchaseTicket -->
        <test-method is-config="true" signature="Logout()[pri:0, instance:com.testscripts.TestTitle@4a9e6faf]" started-at="2023-07-04T05:35:25Z" name="Logout" finished-at="2023-07-04T05:35:25Z" duration-ms="1" status="PASS">
          <reporter-output>
          </reporter-output>
        </test-method> <!-- Logout -->
        <test-method is-config="true" signature="closeServer()[pri:0, instance:com.testscripts.TestTitle@4a9e6faf]" started-at="2023-07-04T05:35:25Z" name="closeServer" finished-at="2023-07-04T05:35:26Z" duration-ms="320" status="PASS">
          <reporter-output>
          </reporter-output>
        </test-method> <!-- closeServer -->
      </class> <!-- com.testscripts.TestTitle -->
    </test> <!-- Default test -->
  </suite> <!-- Default suite -->
</testng-results>
