<?xml version="1.0" encoding="UTF-8"?>
<testng-results ignored="0" total="3" passed="3" failed="0" skipped="0">
  <reporter-output>
  </reporter-output>
  <suite started-at="2023-07-03T11:11:45Z" name="Default suite" finished-at="2023-07-03T11:12:26Z" duration-ms="40821">
    <groups>
    </groups>
    <test started-at="2023-07-03T11:11:45Z" name="Default test" finished-at="2023-07-03T11:12:26Z" duration-ms="40821">
      <class name="com.testscripts.TestTitle">
        <test-method is-config="true" signature="launchApp(java.lang.String)[pri:0, instance:com.testscripts.TestTitle@3f3c966c]" started-at="2023-07-03T11:11:45Z" name="launchApp" finished-at="2023-07-03T11:11:56Z" duration-ms="10516" status="PASS">
          <params>
            <param index="0">
              <value>
                <![CDATA[chrome]]>
              </value>
            </param>
          </params>
          <reporter-output>
          </reporter-output>
        </test-method> <!-- launchApp -->
        <test-method is-config="true" signature="openSite()[pri:0, instance:com.testscripts.TestTitle@3f3c966c]" started-at="2023-07-03T11:11:56Z" name="openSite" finished-at="2023-07-03T11:12:00Z" duration-ms="3999" status="PASS">
          <reporter-output>
          </reporter-output>
        </test-method> <!-- openSite -->
        <test-method signature="testNavigationandLink()[pri:0, instance:com.testscripts.TestTitle@3f3c966c]" started-at="2023-07-03T11:12:00Z" name="testNavigationandLink" finished-at="2023-07-03T11:12:05Z" duration-ms="4723" status="PASS">
          <reporter-output>
          </reporter-output>
        </test-method> <!-- testNavigationandLink -->
        <test-method is-config="true" signature="Logout()[pri:0, instance:com.testscripts.TestTitle@3f3c966c]" started-at="2023-07-03T11:12:05Z" name="Logout" finished-at="2023-07-03T11:12:05Z" duration-ms="1" status="PASS">
          <reporter-output>
          </reporter-output>
        </test-method> <!-- Logout -->
        <test-method is-config="true" signature="openSite()[pri:0, instance:com.testscripts.TestTitle@3f3c966c]" started-at="2023-07-03T11:12:05Z" name="openSite" finished-at="2023-07-03T11:12:06Z" duration-ms="953" status="PASS">
          <reporter-output>
          </reporter-output>
        </test-method> <!-- openSite -->
        <test-method signature="testTitle()[pri:0, instance:com.testscripts.TestTitle@3f3c966c]" started-at="2023-07-03T11:12:06Z" name="testTitle" finished-at="2023-07-03T11:12:06Z" duration-ms="46" status="PASS">
          <reporter-output>
          </reporter-output>
        </test-method> <!-- testTitle -->
        <test-method is-config="true" signature="Logout()[pri:0, instance:com.testscripts.TestTitle@3f3c966c]" started-at="2023-07-03T11:12:06Z" name="Logout" finished-at="2023-07-03T11:12:06Z" duration-ms="1" status="PASS">
          <reporter-output>
          </reporter-output>
        </test-method> <!-- Logout -->
        <test-method is-config="true" signature="openSite()[pri:0, instance:com.testscripts.TestTitle@3f3c966c]" started-at="2023-07-03T11:12:06Z" name="openSite" finished-at="2023-07-03T11:12:06Z" duration-ms="666" status="PASS">
          <reporter-output>
          </reporter-output>
        </test-method> <!-- openSite -->
        <test-method signature="testpurchaseTicket()[pri:0, instance:com.testscripts.TestTitle@3f3c966c]" started-at="2023-07-03T11:12:06Z" name="testpurchaseTicket" finished-at="2023-07-03T11:12:23Z" duration-ms="16784" status="PASS">
          <reporter-output>
          </reporter-output>
        </test-method> <!-- testpurchaseTicket -->
        <test-method is-config="true" signature="Logout()[pri:0, instance:com.testscripts.TestTitle@3f3c966c]" started-at="2023-07-03T11:12:23Z" name="Logout" finished-at="2023-07-03T11:12:23Z" duration-ms="3" status="PASS">
          <reporter-output>
          </reporter-output>
        </test-method> <!-- Logout -->
        <test-method is-config="true" signature="closeServer()[pri:0, instance:com.testscripts.TestTitle@3f3c966c]" started-at="2023-07-03T11:12:23Z" name="closeServer" finished-at="2023-07-03T11:12:26Z" duration-ms="3001" status="PASS">
          <reporter-output>
          </reporter-output>
        </test-method> <!-- closeServer -->
      </class> <!-- com.testscripts.TestTitle -->
    </test> <!-- Default test -->
  </suite> <!-- Default suite -->
</testng-results>
