<?xml version="1.0" encoding="UTF-8"?>
<!-- Generated by org.testng.reporters.JUnitXMLReporter -->
<testsuite ignored="0" hostname="DESKTOP-IJKHCE6" failures="0" tests="3" name="Test1" time="28.851" errors="0" timestamp="04 Jul 2023 05:28:57 GMT">
  <testcase classname="com.testscripts.TestTitle" name="testNavigationandLink" time="4.108"/>
  <testcase classname="com.testscripts.TestTitle" name="testTitle" time="0.008"/>
  <testcase classname="com.testscripts.TestTitle" name="testpurchaseTicket" time="11.681"/>
</testsuite> <!-- Test1 -->
