<?xml version="1.0" encoding="UTF-8"?>
<!-- Generated by org.testng.reporters.JUnitXMLReporter -->
<testsuite ignored="0" hostname="DESKTOP-IJKHCE6" failures="0" tests="3" name="Test2" time="24.814" errors="0" timestamp="04 Jul 2023 05:29:22 GMT">
  <testcase classname="com.testscripts.TestTitle" name="testNavigationandLink" time="5.166"/>
  <testcase classname="com.testscripts.TestTitle" name="testTitle" time="0.044"/>
  <testcase classname="com.testscripts.TestTitle" name="testpurchaseTicket" time="10.573"/>
</testsuite> <!-- Test2 -->
